<?xml version="1.0" encoding="UTF-8"?>
<!-- Generated by org.testng.reporters.JUnitReportReporter -->
<testsuite skipped="0" hostname="DESKTOP-JASBN3Q" name="webdriverBasics.NewTest" tests="1" failures="0" timestamp="2019-10-08T03:34:07 PDT" time="4.447" errors="0">
  <testcase name="f" time="4.447" classname="webdriverBasics.NewTest"/>
</testsuite> <!-- webdriverBasics.NewTest -->
